hgpn06

Currently Loaded Modules:
  1) hpcx   2) nvhpc-hpcx-cuda12/24.7

 

available: 2 nodes (0-1)
node 0 cpus: 0 1 2 3 4 5 6 7 8 9 10 11 12 13 14 15 16 17 18 19 20 21 22 23 24 25 26 27 28 29 30 31 32 33 34 35 36 37 38 39 40 41 42 43 44 45 46 47 48 49 50 51 52 53 54 55
node 0 size: 1031273 MB
node 0 free: 1006259 MB
node 1 cpus: 56 57 58 59 60 61 62 63 64 65 66 67 68 69 70 71 72 73 74 75 76 77 78 79 80 81 82 83 84 85 86 87 88 89 90 91 92 93 94 95 96 97 98 99 100 101 102 103 104 105 106 107 108 109 110 111
node 1 size: 1032118 MB
node 1 free: 1015393 MB
node distances:
node   0   1 
  0:  10  21 
  1:  21  10 
Architecture:        x86_64
CPU op-mode(s):      32-bit, 64-bit
Byte Order:          Little Endian
CPU(s):              112
On-line CPU(s) list: 0-111
Thread(s) per core:  1
Core(s) per socket:  56
Socket(s):           2
NUMA node(s):        2
Vendor ID:           GenuineIntel
CPU family:          6
Model:               143
Model name:          Intel(R) Xeon(R) Platinum 8480+
Stepping:            8
CPU MHz:             2000.000
CPU max MHz:         3800.0000
CPU min MHz:         800.0000
BogoMIPS:            4000.00
Virtualization:      VT-x
L1d cache:           48K
L1i cache:           32K
L2 cache:            2048K
L3 cache:            107520K
NUMA node0 CPU(s):   0-55
NUMA node1 CPU(s):   56-111
Flags:               fpu vme de pse tsc msr pae mce cx8 apic sep mtrr pge mca cmov pat pse36 clflush dts acpi mmx fxsr sse sse2 ss ht tm pbe syscall nx pdpe1gb rdtscp lm constant_tsc art arch_perfmon pebs bts rep_good nopl xtopology nonstop_tsc cpuid aperfmperf tsc_known_freq pni pclmulqdq dtes64 monitor ds_cpl vmx smx est tm2 ssse3 sdbg fma cx16 xtpr pdcm pcid dca sse4_1 sse4_2 x2apic movbe popcnt tsc_deadline_timer aes xsave avx f16c rdrand lahf_lm abm 3dnowprefetch cpuid_fault epb cat_l3 cat_l2 cdp_l3 invpcid_single intel_ppin cdp_l2 ssbd mba ibrs ibpb stibp ibrs_enhanced tpr_shadow vnmi flexpriority ept vpid ept_ad fsgsbase tsc_adjust bmi1 avx2 smep bmi2 erms invpcid cqm rdt_a avx512f avx512dq rdseed adx smap avx512ifma clflushopt clwb intel_pt avx512cd sha_ni avx512bw avx512vl xsaveopt xsavec xgetbv1 xsaves cqm_llc cqm_occup_llc cqm_mbm_total cqm_mbm_local split_lock_detect avx_vnni avx512_bf16 wbnoinvd dtherm ida arat pln pts hwp hwp_act_window hwp_epp hwp_pkg_req avx512vbmi umip pku ospke waitpkg avx512_vbmi2 gfni vaes vpclmulqdq avx512_vnni avx512_bitalg tme avx512_vpopcntdq la57 rdpid bus_lock_detect cldemote movdiri movdir64b enqcmd fsrm md_clear serialize tsxldtrk pconfig arch_lbr amx_bf16 avx512_fp16 amx_tile amx_int8 flush_l1d arch_capabilities

====== bind to none ======
N = 2147483648 .
Total 1 GPU(s) are available.
Total 12 threads are initialized.
My CPU ID is  3 for Thread  0
My CPU ID is  9 for Thread  6
My CPU ID is 10 for Thread  7
My CPU ID is  5 for Thread  2
My CPU ID is  7 for Thread  4
My CPU ID is 11 for Thread  8
My CPU ID is  4 for Thread  1
My CPU ID is  1 for Thread 10
My CPU ID is  0 for Thread  9
My CPU ID is  6 for Thread  3
My CPU ID is  8 for Thread  5
My CPU ID is  2 for Thread 11
--------------------------------------------------------------
Total execution time is 6.5920e+00 s .

====== bind to cores ======
N = 2147483648 .
Total 1 GPU(s) are available.
Total 12 threads are initialized.
My CPU ID is  0 for Thread  0
My CPU ID is  2 for Thread  2
My CPU ID is  3 for Thread  3
My CPU ID is  8 for Thread  8
My CPU ID is  9 for Thread  9
My CPU ID is  1 for Thread  1
My CPU ID is  5 for Thread  5
My CPU ID is 11 for Thread 11
My CPU ID is 10 for Thread 10
My CPU ID is  6 for Thread  6
My CPU ID is  7 for Thread  7
My CPU ID is  4 for Thread  4
--------------------------------------------------------------
Total execution time is 6.5038e+00 s .
